<?xml version="1.0" encoding="UTF-8"?>
<coverage generated="1620100943882" clover="3.2.0">
  <project timestamp="1620100943882" name="All files">
    <metrics statements="62" coveredstatements="60" conditionals="31" coveredconditionals="25" methods="18" coveredmethods="16" elements="111" coveredelements="101" complexity="0" loc="62" ncloc="62" packages="1" files="3" classes="3"/>
    <file name="codecs.ts" path="/Users/chenyuwang/tyrann-io/src/codecs.ts">
      <metrics statements="14" coveredstatements="12" conditionals="0" coveredconditionals="0" methods="8" coveredmethods="6"/>
      <line num="1" count="1" type="stmt"/>
      <line num="2" count="1" type="stmt"/>
      <line num="6" count="1" type="stmt"/>
      <line num="9" count="9" type="stmt"/>
      <line num="10" count="4" type="stmt"/>
      <line num="17" count="1" type="stmt"/>
      <line num="20" count="0" type="stmt"/>
      <line num="21" count="0" type="stmt"/>
      <line num="40" count="1" type="stmt"/>
      <line num="43" count="9" type="stmt"/>
      <line num="44" count="9" type="stmt"/>
      <line num="48" count="1" type="stmt"/>
      <line num="49" count="9" type="stmt"/>
      <line num="50" count="1" type="stmt"/>
    </file>
    <file name="helpers.ts" path="/Users/chenyuwang/tyrann-io/src/helpers.ts">
      <metrics statements="8" coveredstatements="8" conditionals="0" coveredconditionals="0" methods="4" coveredmethods="4"/>
      <line num="1" count="1" type="stmt"/>
      <line num="15" count="1" type="stmt"/>
      <line num="19" count="3" type="stmt"/>
      <line num="27" count="1" type="stmt"/>
      <line num="31" count="3" type="stmt"/>
      <line num="33" count="4" type="stmt"/>
      <line num="40" count="1" type="stmt"/>
      <line num="43" count="3" type="stmt"/>
    </file>
    <file name="index.ts" path="/Users/chenyuwang/tyrann-io/src/index.ts">
      <metrics statements="40" coveredstatements="40" conditionals="31" coveredconditionals="25" methods="6" coveredmethods="6"/>
      <line num="2" count="1" type="stmt"/>
      <line num="5" count="1" type="stmt"/>
      <line num="6" count="1" type="stmt"/>
      <line num="18" count="1" type="stmt"/>
      <line num="20" count="1" type="stmt"/>
      <line num="21" count="2" type="stmt"/>
      <line num="22" count="2" type="stmt"/>
      <line num="23" count="2" type="stmt"/>
      <line num="27" count="1" type="stmt"/>
      <line num="28" count="1" type="stmt"/>
      <line num="29" count="1" type="stmt"/>
      <line num="30" count="1" type="stmt"/>
      <line num="34" count="1" type="stmt"/>
      <line num="51" count="1" type="cond" truecount="3" falsecount="1"/>
      <line num="53" count="1" type="stmt"/>
      <line num="58" count="12" type="stmt"/>
      <line num="66" count="1" type="stmt"/>
      <line num="69" count="9" type="stmt"/>
      <line num="74" count="9" type="stmt"/>
      <line num="76" count="9" type="stmt"/>
      <line num="77" count="9" type="stmt"/>
      <line num="83" count="9" type="cond" truecount="3" falsecount="1"/>
      <line num="85" count="9" type="stmt"/>
      <line num="87" count="9" type="cond" truecount="2" falsecount="0"/>
      <line num="90" count="9" type="stmt"/>
      <line num="91" count="9" type="cond" truecount="2" falsecount="0"/>
      <line num="93" count="9" type="cond" truecount="2" falsecount="0"/>
      <line num="95" count="9" type="stmt"/>
      <line num="98" count="9" type="stmt"/>
      <line num="101" count="9" type="stmt"/>
      <line num="109" count="9" type="cond" truecount="3" falsecount="1"/>
      <line num="111" count="9" type="stmt"/>
      <line num="113" count="9" type="cond" truecount="2" falsecount="0"/>
      <line num="114" count="2" type="stmt"/>
      <line num="117" count="7" type="stmt"/>
      <line num="118" count="7" type="stmt"/>
      <line num="119" count="7" type="cond" truecount="2" falsecount="0"/>
      <line num="120" count="1" type="stmt"/>
      <line num="123" count="6" type="stmt"/>
      <line num="131" count="1" type="stmt"/>
    </file>
  </project>
</coverage>
