{"/Users/chenyuwang/tyrann-io/src/codecs.ts": {"path":"/Users/chenyuwang/tyrann-io/src/codecs.ts","statementMap":{"0":{"start":{"line":1,"column":0},"end":{"line":1,"column":57}},"1":{"start":{"line":2,"column":0},"end":{"line":2,"column":35}},"2":{"start":{"line":6,"column":34},"end":{"line":12,"column":1}},"3":{"start":{"line":9,"column":2},"end":{"line":11,"column":4}},"4":{"start":{"line":10,"column":22},"end":{"line":10,"column":52}},"5":{"start":{"line":6,"column":13},"end":{"line":6,"column":34}},"6":{"start":{"line":17,"column":33},"end":{"line":23,"column":1}},"7":{"start":{"line":20,"column":2},"end":{"line":22,"column":4}},"8":{"start":{"line":21,"column":22},"end":{"line":21,"column":52}},"9":{"start":{"line":17,"column":13},"end":{"line":17,"column":33}},"10":{"start":{"line":40,"column":33},"end":{"line":46,"column":1}},"11":{"start":{"line":43,"column":2},"end":{"line":45,"column":4}},"12":{"start":{"line":44,"column":22},"end":{"line":44,"column":37}},"13":{"start":{"line":40,"column":13},"end":{"line":40,"column":33}},"14":{"start":{"line":48,"column":37},"end":{"line":52,"column":1}},"15":{"start":{"line":49,"column":2},"end":{"line":51,"column":4}},"16":{"start":{"line":50,"column":22},"end":{"line":50,"column":23}},"17":{"start":{"line":48,"column":13},"end":{"line":48,"column":37}}},"fnMap":{"0":{"name":"(anonymous_0)","decl":{"start":{"line":6,"column":34},"end":{"line":6,"column":null}},"loc":{"start":{"line":8,"column":26},"end":{"line":12,"column":1}}},"1":{"name":"(anonymous_1)","decl":{"start":{"line":10,"column":12},"end":{"line":10,"column":13}},"loc":{"start":{"line":10,"column":22},"end":{"line":10,"column":52}}},"2":{"name":"(anonymous_2)","decl":{"start":{"line":17,"column":33},"end":{"line":17,"column":null}},"loc":{"start":{"line":19,"column":26},"end":{"line":23,"column":1}}},"3":{"name":"(anonymous_3)","decl":{"start":{"line":21,"column":12},"end":{"line":21,"column":13}},"loc":{"start":{"line":21,"column":22},"end":{"line":21,"column":52}}},"4":{"name":"(anonymous_4)","decl":{"start":{"line":40,"column":33},"end":{"line":40,"column":null}},"loc":{"start":{"line":42,"column":26},"end":{"line":46,"column":1}}},"5":{"name":"(anonymous_5)","decl":{"start":{"line":44,"column":12},"end":{"line":44,"column":13}},"loc":{"start":{"line":44,"column":22},"end":{"line":44,"column":37}}},"6":{"name":"(anonymous_6)","decl":{"start":{"line":48,"column":37},"end":{"line":48,"column":71}},"loc":{"start":{"line":48,"column":73},"end":{"line":52,"column":1}}},"7":{"name":"(anonymous_7)","decl":{"start":{"line":50,"column":12},"end":{"line":50,"column":13}},"loc":{"start":{"line":50,"column":22},"end":{"line":50,"column":23}}}},"branchMap":{},"s":{"0":1,"1":1,"2":1,"3":9,"4":4,"5":1,"6":1,"7":0,"8":0,"9":1,"10":1,"11":9,"12":9,"13":1,"14":1,"15":9,"16":1,"17":1},"f":{"0":9,"1":4,"2":0,"3":0,"4":9,"5":9,"6":9,"7":1},"b":{}}
,"/Users/chenyuwang/tyrann-io/src/helpers.ts": {"path":"/Users/chenyuwang/tyrann-io/src/helpers.ts","statementMap":{"0":{"start":{"line":1,"column":0},"end":{"line":1,"column":27}},"1":{"start":{"line":15,"column":29},"end":{"line":25,"column":1}},"2":{"start":{"line":19,"column":2},"end":{"line":24,"column":4}},"3":{"start":{"line":15,"column":13},"end":{"line":15,"column":29}},"4":{"start":{"line":27,"column":27},"end":{"line":38,"column":1}},"5":{"start":{"line":31,"column":2},"end":{"line":37,"column":4}},"6":{"start":{"line":33,"column":27},"end":{"line":35,"column":null}},"7":{"start":{"line":27,"column":13},"end":{"line":27,"column":27}},"8":{"start":{"line":40,"column":25},"end":{"line":48,"column":1}},"9":{"start":{"line":43,"column":2},"end":{"line":47,"column":5}},"10":{"start":{"line":40,"column":13},"end":{"line":40,"column":25}}},"fnMap":{"0":{"name":"(anonymous_0)","decl":{"start":{"line":15,"column":29},"end":{"line":15,"column":null}},"loc":{"start":{"line":18,"column":4},"end":{"line":25,"column":1}}},"1":{"name":"(anonymous_1)","decl":{"start":{"line":27,"column":27},"end":{"line":27,"column":null}},"loc":{"start":{"line":30,"column":4},"end":{"line":38,"column":1}}},"2":{"name":"(anonymous_2)","decl":{"start":{"line":33,"column":4},"end":{"line":33,"column":5}},"loc":{"start":{"line":33,"column":27},"end":{"line":35,"column":null}}},"3":{"name":"(anonymous_3)","decl":{"start":{"line":40,"column":25},"end":{"line":40,"column":null}},"loc":{"start":{"line":42,"column":4},"end":{"line":48,"column":1}}}},"branchMap":{},"s":{"0":1,"1":1,"2":3,"3":1,"4":1,"5":3,"6":4,"7":1,"8":1,"9":3,"10":1},"f":{"0":3,"1":3,"2":4,"3":3},"b":{}}
,"/Users/chenyuwang/tyrann-io/src/index.ts": {"path":"/Users/chenyuwang/tyrann-io/src/index.ts","statementMap":{"0":{"start":{"line":2,"column":0},"end":{"line":2,"column":37}},"1":{"start":{"line":5,"column":0},"end":{"line":5,"column":26}},"2":{"start":{"line":6,"column":0},"end":{"line":6,"column":null}},"3":{"start":{"line":18,"column":0},"end":{"line":18,"column":13}},"4":{"start":{"line":22,"column":4},"end":{"line":22,"column":19}},"5":{"start":{"line":21,"column":21},"end":{"line":21,"column":35}},"6":{"start":{"line":23,"column":4},"end":{"line":23,"column":35}},"7":{"start":{"line":20,"column":0},"end":{"line":20,"column":13}},"8":{"start":{"line":29,"column":4},"end":{"line":29,"column":19}},"9":{"start":{"line":28,"column":21},"end":{"line":28,"column":37}},"10":{"start":{"line":30,"column":4},"end":{"line":30,"column":30}},"11":{"start":{"line":27,"column":0},"end":{"line":27,"column":13}},"12":{"start":{"line":34,"column":22},"end":{"line":135,"column":1}},"13":{"start":{"line":51,"column":19},"end":{"line":51,"column":53}},"14":{"start":{"line":53,"column":21},"end":{"line":64,"column":3}},"15":{"start":{"line":58,"column":4},"end":{"line":63,"column":null}},"16":{"start":{"line":66,"column":15},"end":{"line":129,"column":4}},"17":{"start":{"line":69,"column":6},"end":{"line":129,"column":4}},"18":{"start":{"line":74,"column":8},"end":{"line":74,"column":18}},"19":{"start":{"line":76,"column":17},"end":{"line":76,"column":35}},"20":{"start":{"line":77,"column":22},"end":{"line":77,"column":47}},"21":{"start":{"line":83,"column":8},"end":{"line":83,"column":31}},"22":{"start":{"line":85,"column":26},"end":{"line":85,"column":44}},"23":{"start":{"line":87,"column":24},"end":{"line":89,"column":10}},"24":{"start":{"line":90,"column":21},"end":{"line":90,"column":59}},"25":{"start":{"line":91,"column":17},"end":{"line":91,"column":93}},"26":{"start":{"line":93,"column":16},"end":{"line":93,"column":67}},"27":{"start":{"line":95,"column":31},"end":{"line":96,"column":63}},"28":{"start":{"line":98,"column":31},"end":{"line":99,"column":73}},"29":{"start":{"line":101,"column":34},"end":{"line":106,"column":null}},"30":{"start":{"line":109,"column":21},"end":{"line":109,"column":96}},"31":{"start":{"line":111,"column":29},"end":{"line":111,"column":37}},"32":{"start":{"line":113,"column":4},"end":{"line":115,"column":null}},"33":{"start":{"line":114,"column":6},"end":{"line":114,"column":96}},"34":{"start":{"line":117,"column":20},"end":{"line":117,"column":47}},"35":{"start":{"line":118,"column":20},"end":{"line":118,"column":40}},"36":{"start":{"line":119,"column":4},"end":{"line":121,"column":null}},"37":{"start":{"line":120,"column":6},"end":{"line":120,"column":69}},"38":{"start":{"line":123,"column":4},"end":{"line":128,"column":57}},"39":{"start":{"line":131,"column":2},"end":{"line":134,"column":null}},"40":{"start":{"line":34,"column":13},"end":{"line":34,"column":22}}},"fnMap":{"0":{"name":"(anonymous_0)","decl":{"start":{"line":21,"column":2},"end":{"line":21,"column":21}},"loc":{"start":{"line":21,"column":49},"end":{"line":24,"column":3}}},"1":{"name":"(anonymous_1)","decl":{"start":{"line":28,"column":2},"end":{"line":28,"column":21}},"loc":{"start":{"line":28,"column":53},"end":{"line":31,"column":3}}},"2":{"name":"(anonymous_2)","decl":{"start":{"line":34,"column":22},"end":{"line":34,"column":null}},"loc":{"start":{"line":37,"column":4},"end":{"line":135,"column":1}}},"3":{"name":"(anonymous_3)","decl":{"start":{"line":53,"column":21},"end":{"line":53,"column":null}},"loc":{"start":{"line":57,"column":39},"end":{"line":64,"column":3}}},"4":{"name":"(anonymous_4)","decl":{"start":{"line":66,"column":15},"end":{"line":66,"column":null}},"loc":{"start":{"line":69,"column":6},"end":{"line":129,"column":4}}},"5":{"name":"(anonymous_5)","decl":{"start":{"line":69,"column":6},"end":{"line":69,"column":null}},"loc":{"start":{"line":69,"column":6},"end":{"line":129,"column":3}}}},"branchMap":{"0":{"loc":{"start":{"line":36,"column":27},"end":{"line":36,"column":29}},"type":"default-arg","locations":[{"start":{"line":36,"column":27},"end":{"line":36,"column":29}}]},"1":{"loc":{"start":{"line":51,"column":35},"end":{"line":51,"column":39}},"type":"cond-expr","locations":[{"start":{"line":51,"column":35},"end":{"line":51,"column":39}},{"start":{"line":51,"column":39},"end":{"line":51,"column":53}}]},"2":{"loc":{"start":{"line":51,"column":19},"end":{"line":51,"column":39}},"type":"binary-expr","locations":[{"start":{"line":51,"column":19},"end":{"line":51,"column":39}},{"start":{"line":51,"column":35},"end":{"line":51,"column":39}}]},"3":{"loc":{"start":{"line":68,"column":34},"end":{"line":68,"column":41}},"type":"default-arg","locations":[{"start":{"line":68,"column":34},"end":{"line":68,"column":41}}]},"4":{"loc":{"start":{"line":80,"column":21},"end":{"line":80,"column":41}},"type":"default-arg","locations":[{"start":{"line":80,"column":21},"end":{"line":80,"column":41}}]},"5":{"loc":{"start":{"line":81,"column":20},"end":{"line":81,"column":43}},"type":"default-arg","locations":[{"start":{"line":81,"column":20},"end":{"line":81,"column":43}}]},"6":{"loc":{"start":{"line":82,"column":20},"end":{"line":82,"column":47}},"type":"default-arg","locations":[{"start":{"line":82,"column":20},"end":{"line":82,"column":47}}]},"7":{"loc":{"start":{"line":83,"column":25},"end":{"line":83,"column":29}},"type":"cond-expr","locations":[{"start":{"line":83,"column":25},"end":{"line":83,"column":29}},{"start":{"line":83,"column":29},"end":{"line":83,"column":31}}]},"8":{"loc":{"start":{"line":83,"column":8},"end":{"line":83,"column":29}},"type":"binary-expr","locations":[{"start":{"line":83,"column":8},"end":{"line":83,"column":29}},{"start":{"line":83,"column":25},"end":{"line":83,"column":29}}]},"9":{"loc":{"start":{"line":87,"column":51},"end":{"line":88,"column":null}},"type":"cond-expr","locations":[{"start":{"line":87,"column":51},"end":{"line":88,"column":null}},{"start":{"line":89,"column":8},"end":{"line":89,"column":10}}]},"10":{"loc":{"start":{"line":91,"column":43},"end":{"line":91,"column":81}},"type":"cond-expr","locations":[{"start":{"line":91,"column":43},"end":{"line":91,"column":81}},{"start":{"line":91,"column":84},"end":{"line":91,"column":93}}]},"11":{"loc":{"start":{"line":93,"column":43},"end":{"line":93,"column":60}},"type":"cond-expr","locations":[{"start":{"line":93,"column":43},"end":{"line":93,"column":60}},{"start":{"line":93,"column":64},"end":{"line":93,"column":66}}]},"12":{"loc":{"start":{"line":96,"column":6},"end":{"line":96,"column":34}},"type":"cond-expr","locations":[{"start":{"line":96,"column":6},"end":{"line":96,"column":34}},{"start":{"line":96,"column":37},"end":{"line":96,"column":63}}]},"13":{"loc":{"start":{"line":99,"column":6},"end":{"line":99,"column":39}},"type":"cond-expr","locations":[{"start":{"line":99,"column":6},"end":{"line":99,"column":39}},{"start":{"line":99,"column":42},"end":{"line":99,"column":73}}]},"14":{"loc":{"start":{"line":109,"column":49},"end":{"line":109,"column":53}},"type":"cond-expr","locations":[{"start":{"line":109,"column":49},"end":{"line":109,"column":53}},{"start":{"line":109,"column":53},"end":{"line":109,"column":61}}]},"15":{"loc":{"start":{"line":109,"column":28},"end":{"line":109,"column":53}},"type":"binary-expr","locations":[{"start":{"line":109,"column":28},"end":{"line":109,"column":53}},{"start":{"line":109,"column":49},"end":{"line":109,"column":53}}]},"16":{"loc":{"start":{"line":113,"column":4},"end":{"line":115,"column":null}},"type":"if","locations":[{"start":{"line":113,"column":4},"end":{"line":115,"column":null}},{"start":{"line":113,"column":4},"end":{"line":115,"column":null}}]},"17":{"loc":{"start":{"line":119,"column":4},"end":{"line":121,"column":null}},"type":"if","locations":[{"start":{"line":119,"column":4},"end":{"line":121,"column":null}},{"start":{"line":119,"column":4},"end":{"line":121,"column":null}}]}},"s":{"0":1,"1":1,"2":1,"3":1,"4":2,"5":2,"6":2,"7":1,"8":1,"9":1,"10":1,"11":1,"12":1,"13":1,"14":1,"15":12,"16":1,"17":9,"18":9,"19":9,"20":9,"21":9,"22":9,"23":9,"24":9,"25":9,"26":9,"27":9,"28":9,"29":9,"30":9,"31":9,"32":9,"33":2,"34":7,"35":7,"36":7,"37":1,"38":6,"39":1,"40":1},"f":{"0":2,"1":1,"2":1,"3":12,"4":9,"5":9},"b":{"0":[0],"1":[0,1],"2":[1,1],"3":[9],"4":[9],"5":[9],"6":[9],"7":[0,9],"8":[9,9],"9":[4,5],"10":[1,8],"11":[4,5],"12":[0,9],"13":[0,9],"14":[0,9],"15":[9,9],"16":[2,7],"17":[1,6]}}
}
