TN:
SF:src/codecs.ts
FN:6,(anonymous_0)
FN:10,(anonymous_1)
FN:17,(anonymous_2)
FN:21,(anonymous_3)
FN:40,(anonymous_4)
FN:44,(anonymous_5)
FN:48,(anonymous_6)
FN:50,(anonymous_7)
FNF:8
FNH:6
FNDA:9,(anonymous_0)
FNDA:4,(anonymous_1)
FNDA:0,(anonymous_2)
FNDA:0,(anonymous_3)
FNDA:9,(anonymous_4)
FNDA:9,(anonymous_5)
FNDA:9,(anonymous_6)
FNDA:1,(anonymous_7)
DA:1,1
DA:2,1
DA:6,1
DA:9,9
DA:10,4
DA:17,1
DA:20,0
DA:21,0
DA:40,1
DA:43,9
DA:44,9
DA:48,1
DA:49,9
DA:50,1
LF:14
LH:12
BRF:0
BRH:0
end_of_record
TN:
SF:src/helpers.ts
FN:15,(anonymous_0)
FN:27,(anonymous_1)
FN:33,(anonymous_2)
FN:40,(anonymous_3)
FNF:4
FNH:4
FNDA:3,(anonymous_0)
FNDA:3,(anonymous_1)
FNDA:4,(anonymous_2)
FNDA:3,(anonymous_3)
DA:1,1
DA:15,1
DA:19,3
DA:27,1
DA:31,3
DA:33,4
DA:40,1
DA:43,3
LF:8
LH:8
BRF:0
BRH:0
end_of_record
TN:
SF:src/index.ts
FN:21,(anonymous_0)
FN:28,(anonymous_1)
FN:34,(anonymous_2)
FN:53,(anonymous_3)
FN:66,(anonymous_4)
FN:69,(anonymous_5)
FNF:6
FNH:6
FNDA:2,(anonymous_0)
FNDA:1,(anonymous_1)
FNDA:1,(anonymous_2)
FNDA:12,(anonymous_3)
FNDA:9,(anonymous_4)
FNDA:9,(anonymous_5)
DA:2,1
DA:5,1
DA:6,1
DA:18,1
DA:20,1
DA:21,2
DA:22,2
DA:23,2
DA:27,1
DA:28,1
DA:29,1
DA:30,1
DA:34,1
DA:51,1
DA:53,1
DA:58,12
DA:66,1
DA:69,9
DA:74,9
DA:76,9
DA:77,9
DA:83,9
DA:85,9
DA:87,9
DA:90,9
DA:91,9
DA:93,9
DA:95,9
DA:98,9
DA:101,9
DA:109,9
DA:111,9
DA:113,9
DA:114,2
DA:117,7
DA:118,7
DA:119,7
DA:120,1
DA:123,6
DA:131,1
LF:40
LH:40
BRDA:36,0,0,0
BRDA:51,1,0,0
BRDA:51,1,1,1
BRDA:51,2,0,1
BRDA:51,2,1,1
BRDA:68,3,0,9
BRDA:80,4,0,9
BRDA:81,5,0,9
BRDA:82,6,0,9
BRDA:83,7,0,0
BRDA:83,7,1,9
BRDA:83,8,0,9
BRDA:83,8,1,9
BRDA:87,9,0,4
BRDA:87,9,1,5
BRDA:91,10,0,1
BRDA:91,10,1,8
BRDA:93,11,0,4
BRDA:93,11,1,5
BRDA:96,12,0,0
BRDA:96,12,1,9
BRDA:99,13,0,0
BRDA:99,13,1,9
BRDA:109,14,0,0
BRDA:109,14,1,9
BRDA:109,15,0,9
BRDA:109,15,1,9
BRDA:113,16,0,2
BRDA:113,16,1,7
BRDA:119,17,0,1
BRDA:119,17,1,6
BRF:31
BRH:25
end_of_record
